2023/12/05 19:53:03 API:/book/search Be Called
2023/12/05 19:55:16 API:/book/search Be Called
2023/12/05 19:55:34 API:/book/search Be Called
2023/12/05 19:59:39 API:/book/get/books Be Called
2023/12/05 19:59:42 API:/book/get/books Be Called
2023/12/05 20:02:46 API:/book/get/books Be Called
2023/12/05 20:02:46 API:/book/get/books Be Called
2023/12/05 20:02:47 API:/book/get/books Be Called
2023/12/05 20:04:35 API:/book/search Be Called
2023/12/05 20:04:54 API:/book/search Be Called
2023/12/05 20:09:56 API:/book/search Be Called
2023/12/05 20:10:03 API:/book/search Be Called
2023/12/05 20:15:21 API:/book/get/books Be Called
2023/12/05 20:15:21 API:/book/get/books Be Called
2023/12/05 20:15:27 API:/book/chapter/all Be Called
2023/12/05 20:15:33 API:/book/chapter/content Be Called
2023/12/05 20:15:46 API:/book/chapter/content Be Called
2023/12/05 20:16:07 API:/book/chapter/all Be Called
2023/12/05 20:16:11 API:/book/get/books Be Called
2023/12/05 20:16:35 API:/book/chapter/all Be Called
2023/12/05 20:21:43 API:/book/get/books Be Called
2023/12/05 20:21:43 API:/book/get/books Be Called
2023/12/05 20:21:46 API:/book/chapter/all Be Called
2023/12/05 20:22:28 API:/book/chapter/all Be Called
2023/12/05 20:24:30 API:/book/chapter/all Be Called
2023/12/05 20:27:47 API:/book/get/books Be Called
2023/12/05 20:27:47 API:/book/get/books Be Called
2023/12/05 20:27:51 API:/book/chapter/all Be Called
2023/12/05 20:28:28 API:/book/get/books Be Called
2023/12/05 20:28:28 API:/book/get/books Be Called
2023/12/05 20:28:42 API:/book/chapter/all Be Called
2023/12/05 20:29:52 API:/book/get/books Be Called
2023/12/05 20:29:52 API:/book/get/books Be Called
2023/12/05 20:29:55 API:/book/chapter/all Be Called
2023/12/05 20:30:47 API:/book/chapter/all Be Called
2023/12/05 20:30:50 API:/book/chapter/all Be Called
2023/12/05 20:30:55 API:/book/get/books Be Called
2023/12/05 20:31:03 API:/book/chapter/all Be Called
2023/12/05 20:31:13 API:/book/chapter/all Be Called
2023/12/05 20:31:31 API:/book/chapter/content Be Called
2023/12/05 20:31:36 API:/book/chapter/content Be Called
2023/12/05 20:31:41 API:/book/chapter/content Be Called
2023/12/05 20:31:47 API:/book/chapter/all Be Called
2023/12/05 20:31:55 API:/book/get/books Be Called
2023/12/05 20:32:15 API:/book/chapter/all Be Called
2023/12/05 20:46:13 API:/book/get/books Be Called
2023/12/05 20:46:13 API:/book/get/books Be Called
2023/12/05 20:47:18 API:/book/get/books Be Called
2023/12/05 20:47:18 API:/book/get/books Be Called
2023/12/05 20:47:23 API:/book/get/books Be Called
2023/12/05 20:48:01 API:/book/get/books Be Called
2023/12/05 20:48:01 API:/book/get/books Be Called
2023/12/05 20:48:05 API:/book/get/books Be Called
2023/12/05 20:48:20 API:/book/get/books Be Called
2023/12/05 20:48:39 API:/book/get/books Be Called
2023/12/05 20:49:19 API:/book/get/books Be Called
2023/12/05 20:49:37 API:/book/get/books Be Called
2023/12/05 20:50:35 API:/book/get/books Be Called
2023/12/05 20:50:35 API:/book/get/books Be Called
2023/12/05 20:50:48 API:/book/get/books Be Called
2023/12/05 20:51:01 API:/book/get/books Be Called
2023/12/05 20:54:32 API:/book/get/books Be Called
2023/12/05 20:54:33 API:/book/get/books Be Called
2023/12/05 20:55:36 API:/book/get/books Be Called
2023/12/05 20:55:49 API:/book/get/books Be Called
2023/12/05 20:55:50 API:/book/get/books Be Called
2023/12/05 20:55:59 API:/book/get/books Be Called
2023/12/05 20:56:42 API:/book/chapter/all Be Called
2023/12/05 20:56:52 API:/book/chapter/all Be Called
2023/12/05 20:57:55 API:/book/get/books Be Called
2023/12/05 20:57:55 API:/book/get/books Be Called
2023/12/05 20:58:12 API:/book/get/books Be Called
2023/12/05 20:58:12 API:/book/get/books Be Called
2023/12/05 20:58:22 API:/book/chapter/all Be Called
2023/12/05 20:58:29 API:/book/chapter/all Be Called
2023/12/05 20:58:43 API:/book/search Be Called
2023/12/05 21:02:06 API:/book/search Be Called
2023/12/05 21:02:13 API:/book/get/books Be Called
2023/12/05 21:02:21 API:/book/get/books Be Called
2023/12/05 21:02:23 API:/book/get/books Be Called
2023/12/05 21:02:32 API:/book/get/books Be Called
2023/12/05 21:02:32 API:/book/get/books Be Called
2023/12/05 21:02:45 API:/book/get/books Be Called
2023/12/05 21:02:51 API:/book/get/books Be Called
2023/12/05 21:02:56 API:/book/get/books Be Called
2023/12/05 21:02:56 API:/book/get/books Be Called
2023/12/05 21:02:57 API:/book/get/books Be Called
2023/12/05 21:10:05 API:/book/get/books Be Called
2023/12/05 21:10:05 API:/book/get/books Be Called
2023/12/05 21:10:51 API:/book/search Be Called
2023/12/05 21:10:53 API:/book/search Be Called
2023/12/05 21:11:03 API:/book/search Be Called
2023/12/05 21:11:06 API:/book/search Be Called
2023/12/05 21:11:10 API:/book/search Be Called
2023/12/05 21:11:12 API:/book/search Be Called
2023/12/05 21:11:18 API:/book/search Be Called
2023/12/05 21:11:35 API:/book/search Be Called
2023/12/05 21:12:01 API:/book/search Be Called
2023/12/05 21:12:08 API:/book/get/books Be Called
2023/12/05 21:12:14 API:/book/search Be Called
2023/12/05 21:12:15 API:/book/search Be Called
2023/12/05 21:12:24 API:/book/search Be Called
2023/12/05 21:12:29 API:/book/search Be Called
2023/12/05 21:12:40 API:/book/search Be Called
2023/12/05 21:12:48 API:/book/chapter/all Be Called
2023/12/05 21:12:57 API:/book/get/books Be Called
2023/12/05 21:13:04 API:/book/search Be Called
2023/12/05 21:13:05 API:/book/search Be Called
2023/12/05 21:13:12 API:/book/chapter/all Be Called
2023/12/05 21:13:22 API:/book/chapter/all Be Called
2023/12/05 21:13:26 API:/book/chapter/all Be Called
2023/12/05 21:13:29 API:/book/search Be Called
2023/12/05 21:13:30 API:/book/chapter/all Be Called
2023/12/05 21:19:22 API:/book/search Be Called
2023/12/05 21:19:23 API:/book/search Be Called
2023/12/05 21:19:24 API:/book/search Be Called
2023/12/05 21:19:25 API:/book/search Be Called
2023/12/05 21:19:27 API:/book/search Be Called
2023/12/05 21:19:29 API:/book/search Be Called
2023/12/05 22:16:11 API:/book/get/books Be Called
2023/12/05 22:16:16 API:/book/get/books Be Called
2023/12/05 22:16:22 API:/book/chapter/all Be Called
2023/12/05 22:27:10 API:/book/get/books Be Called
2023/12/05 22:27:10 API:/book/get/books Be Called
2023/12/05 22:27:11 API:/book/get/books Be Called
2023/12/05 22:35:51 API:/book/get/books Be Called
2023/12/05 22:35:51 API:/book/get/books Be Called
2023/12/05 22:36:07 API:/book/get/books Be Called
2023/12/05 22:36:07 API:/book/get/books Be Called
2023/12/05 22:36:16 API:/book/get/books Be Called
2023/12/05 22:36:21 API:/book/get/books Be Called
2023/12/05 22:36:32 API:/book/get/books Be Called
2023/12/05 22:37:30 API:/book/get/books Be Called
2023/12/05 22:37:31 API:/book/get/books Be Called
2023/12/05 22:37:33 API:/book/get/books Be Called
2023/12/05 22:37:54 API:/book/get/books Be Called
2023/12/05 22:38:01 API:/book/get/books Be Called
2023/12/05 22:38:38 API:/book/get/books Be Called
2023/12/05 22:38:38 API:/book/get/books Be Called
2023/12/05 22:38:39 API:/book/get/books Be Called
2023/12/05 22:39:01 API:/book/chapter/all Be Called
2023/12/05 22:39:12 API:/book/get/books Be Called
2023/12/05 22:39:17 API:/book/get/books Be Called
2023/12/05 22:39:29 API:/book/get/books Be Called
2023/12/05 22:39:33 API:/book/chapter/all Be Called
2023/12/05 22:39:33 API:/book/chapter/all Be Called
2023/12/05 22:39:34 API:/book/chapter/all Be Called
2023/12/05 22:39:37 API:/book/get/books Be Called
2023/12/05 22:39:41 API:/book/get/books Be Called
2023/12/05 22:39:51 API:/book/chapter/all Be Called
2023/12/05 22:39:53 API:/book/chapter/all Be Called
2023/12/05 22:39:54 API:/book/chapter/all Be Called
2023/12/05 22:40:10 API:/book/get/books Be Called
2023/12/05 22:40:18 API:/book/get/books Be Called
2023/12/05 22:40:24 API:/book/get/books Be Called
2023/12/05 22:40:28 API:/book/get/books Be Called
2023/12/05 22:40:38 API:/book/get/books Be Called
2023/12/05 22:40:38 API:/book/get/books Be Called
2023/12/05 22:40:44 API:/book/get/books Be Called
2023/12/05 22:40:47 API:/book/get/books Be Called
2023/12/05 22:40:49 API:/book/get/books Be Called
2023/12/05 22:40:52 API:/book/get/books Be Called
2023/12/05 22:41:07 API:/book/get/books Be Called
2023/12/05 22:41:16 API:/book/get/books Be Called
2023/12/05 22:42:00 API:/book/get/books Be Called
2023/12/05 22:42:05 API:/book/get/books Be Called
2023/12/05 22:42:13 API:/book/get/books Be Called
2023/12/05 22:42:13 API:/book/get/books Be Called
2023/12/05 22:42:17 API:/book/get/books Be Called
2023/12/05 22:42:23 API:/book/get/books Be Called
2023/12/05 22:42:27 API:/book/get/books Be Called
2023/12/05 22:42:33 API:/book/get/books Be Called
2023/12/05 22:42:38 API:/book/get/books Be Called
2023/12/05 22:42:46 API:/book/get/books Be Called
2023/12/05 22:44:07 API:/book/get/books Be Called
2023/12/05 22:44:09 API:/book/get/books Be Called
2023/12/05 22:44:34 API:/book/search Be Called
2023/12/05 22:44:34 API:/book/search Be Called
2023/12/05 22:45:00 API:/book/get/books Be Called
2023/12/05 22:45:00 API:/book/get/books Be Called
2023/12/05 22:45:14 API:/book/search Be Called
2023/12/05 22:45:23 API:/book/search Be Called
2023/12/05 22:45:24 API:/book/search Be Called
2023/12/05 22:45:25 API:/book/get/books Be Called
2023/12/05 22:45:34 API:/book/search Be Called
2023/12/05 22:45:38 API:/book/search Be Called
2023/12/05 22:45:45 API:/book/search Be Called
2023/12/05 22:45:48 API:/book/search Be Called
2023/12/05 22:46:15 API:/book/get/books Be Called
2023/12/05 22:46:18 API:/book/get/books Be Called
2023/12/05 22:46:27 API:/book/chapter/all Be Called
2023/12/05 22:46:32 API:/book/chapter/all Be Called
2023/12/05 22:46:34 API:/book/chapter/all Be Called
2023/12/05 22:46:36 API:/book/get/books Be Called
2023/12/05 22:46:38 API:/book/chapter/all Be Called
2023/12/05 22:46:40 API:/book/chapter/all Be Called
2023/12/05 22:46:42 API:/book/get/books Be Called
2023/12/05 22:46:43 API:/book/chapter/all Be Called
2023/12/05 22:49:23 API:/book/get/books Be Called
2023/12/05 22:49:23 API:/book/get/books Be Called
2023/12/05 22:49:27 API:/book/get/books Be Called
2023/12/05 22:49:31 API:/book/chapter/all Be Called
2023/12/05 22:49:41 API:/book/chapter/all Be Called
2023/12/05 22:53:00 API:/book/get/books Be Called
2023/12/05 22:53:00 API:/book/get/books Be Called
2023/12/05 22:53:02 API:/book/get/books Be Called
2023/12/05 22:53:11 API:/book/chapter/all Be Called
2023/12/05 22:53:20 API:/book/chapter/all Be Called
2023/12/05 22:53:24 API:/book/chapter/all Be Called
2023/12/05 22:53:29 API:/book/chapter/all Be Called
2023/12/05 22:53:37 API:/book/chapter/all Be Called
2023/12/05 22:53:53 API:/book/get/books Be Called
2023/12/05 22:53:53 API:/book/get/books Be Called
2023/12/05 22:53:55 API:/book/chapter/all Be Called
2023/12/05 22:54:24 API:/book/get/books Be Called
2023/12/05 22:54:24 API:/book/get/books Be Called
2023/12/05 22:54:24 API:/book/chapter/all Be Called
2023/12/05 22:55:44 API:/book/get/books Be Called
2023/12/05 22:55:44 API:/book/get/books Be Called
2023/12/05 22:55:45 API:/book/chapter/all Be Called
2023/12/05 22:55:52 API:/book/chapter/all Be Called
2023/12/05 22:56:25 API:/book/get/books Be Called
2023/12/05 22:56:35 API:/book/chapter/all Be Called
2023/12/05 22:56:42 API:/book/chapter/content Be Called
2023/12/05 23:04:33 API:/book/get/books Be Called
2023/12/05 23:04:33 API:/book/get/books Be Called
2023/12/05 23:04:35 API:/book/chapter/all Be Called
2023/12/05 23:04:40 API:/book/chapter/content Be Called
2023/12/05 23:06:34 API:/book/get/books Be Called
2023/12/05 23:06:34 API:/book/get/books Be Called
2023/12/05 23:06:43 API:/book/chapter/all Be Called
2023/12/05 23:06:50 API:/book/chapter/content Be Called
2023/12/05 23:06:59 API:/book/chapter/content Be Called
2023/12/05 23:07:05 API:/book/chapter/content Be Called
2023/12/05 23:07:09 API:/book/chapter/content Be Called
2023/12/05 23:07:15 API:/book/chapter/all Be Called
2023/12/05 23:07:18 API:/book/chapter/content Be Called
2023/12/05 23:07:27 API:/book/chapter/content Be Called
2023/12/05 23:07:39 API:/book/chapter/all Be Called
2023/12/05 23:09:47 API:/book/get/books Be Called
2023/12/05 23:09:47 API:/book/get/books Be Called
2023/12/05 23:09:49 API:/book/chapter/all Be Called
2023/12/05 23:09:55 API:/book/chapter/content Be Called
2023/12/05 23:09:58 API:/book/chapter/content Be Called
2023/12/05 23:10:02 API:/book/chapter/content Be Called
2023/12/05 23:10:06 API:/book/chapter/content Be Called
2023/12/05 23:10:11 API:/book/chapter/content Be Called
2023/12/05 23:13:36 API:/book/get/books Be Called
2023/12/05 23:13:36 API:/book/get/books Be Called
2023/12/05 23:13:37 API:/book/chapter/all Be Called
2023/12/05 23:13:46 API:/book/get/books Be Called
2023/12/05 23:13:48 API:/book/chapter/all Be Called
2023/12/05 23:13:52 API:/book/chapter/content Be Called
2023/12/05 23:13:55 API:/book/chapter/all Be Called
2023/12/05 23:15:58 API:/book/get/books Be Called
2023/12/05 23:15:59 API:/book/get/books Be Called
2023/12/05 23:16:14 API:/book/chapter/all Be Called
2023/12/05 23:18:16 API:/book/get/books Be Called
2023/12/05 23:18:16 API:/book/get/books Be Called
2023/12/05 23:18:23 API:/book/get/books Be Called
2023/12/05 23:18:48 API:/book/get/books Be Called
2023/12/05 23:18:48 API:/book/get/books Be Called
2023/12/05 23:18:54 API:/book/get/books Be Called
2023/12/05 23:18:59 API:/book/chapter/all Be Called
2023/12/05 23:19:07 API:/book/chapter/content Be Called
2023/12/05 23:19:11 API:/book/chapter/all Be Called
2023/12/05 23:19:24 API:/book/get/books Be Called
2023/12/05 23:19:30 API:/book/get/books Be Called
2023/12/05 23:19:39 API:/book/chapter/all Be Called
2023/12/05 23:19:43 API:/book/chapter/content Be Called
2023/12/05 23:19:51 API:/book/chapter/content Be Called
2023/12/05 23:20:56 API:/book/chapter/content Be Called
2023/12/05 23:21:07 API:/book/chapter/content Be Called
2023/12/05 23:21:18 API:/book/chapter/content Be Called
2023/12/05 23:21:50 API:/book/chapter/content Be Called
2023/12/05 23:22:14 API:/book/chapter/all Be Called
2023/12/05 23:22:32 API:/book/chapter/all Be Called
2023/12/05 23:22:40 API:/book/chapter/all Be Called
2023/12/05 23:23:16 API:/book/get/books Be Called
2023/12/05 23:23:24 API:/book/chapter/all Be Called
2023/12/05 23:24:07 API:/book/get/books Be Called
2023/12/05 23:24:07 API:/book/get/books Be Called
2023/12/05 23:24:17 API:/book/get/books Be Called
2023/12/05 23:24:22 API:/book/chapter/all Be Called
2023/12/05 23:24:31 API:/book/chapter/all Be Called
2023/12/05 23:24:37 API:/book/chapter/content Be Called
2023/12/05 23:24:42 API:/book/chapter/content Be Called
2023/12/05 23:24:51 API:/book/chapter/content Be Called
2023/12/05 23:26:11 API:/book/chapter/all Be Called
2023/12/05 23:26:16 API:/book/chapter/content Be Called
2023/12/05 23:26:40 API:/book/chapter/content Be Called
2023/12/05 23:26:49 API:/book/chapter/content Be Called
2023/12/05 23:27:55 API:/book/chapter/all Be Called
2023/12/05 23:27:57 API:/book/chapter/all Be Called
2023/12/05 23:28:00 API:/book/chapter/content Be Called
2023/12/05 23:28:06 API:/book/chapter/content Be Called
2023/12/05 23:28:09 API:/book/chapter/content Be Called
2023/12/05 23:28:14 API:/book/chapter/content Be Called
2023/12/05 23:28:18 API:/book/chapter/content Be Called
2023/12/05 23:28:24 API:/book/chapter/content Be Called
2023/12/05 23:28:28 API:/book/chapter/content Be Called
2023/12/05 23:28:34 API:/book/chapter/content Be Called
2023/12/05 23:28:40 API:/book/chapter/content Be Called
2023/12/05 23:28:44 API:/book/chapter/content Be Called
2023/12/05 23:28:50 API:/book/chapter/content Be Called
2023/12/05 23:28:57 API:/book/chapter/all Be Called
2023/12/05 23:29:11 API:/book/search Be Called
2023/12/05 23:29:11 API:/book/search Be Called
2023/12/05 23:29:19 API:/book/chapter/all Be Called
2023/12/05 23:29:25 API:/book/chapter/content Be Called
2023/12/05 23:29:33 API:/book/chapter/content Be Called
2023/12/05 23:29:39 API:/book/chapter/content Be Called
2023/12/05 23:29:45 API:/book/chapter/content Be Called
2023/12/05 23:31:51 API:/book/chapter/all Be Called
2023/12/05 23:32:10 API:/book/chapter/all Be Called
2023/12/05 23:32:16 API:/book/chapter/content Be Called
2023/12/05 23:32:25 API:/book/chapter/content Be Called
2023/12/05 23:32:30 API:/book/chapter/content Be Called
2023/12/05 23:32:36 API:/book/chapter/content Be Called
2023/12/05 23:32:43 API:/book/chapter/content Be Called
2023/12/05 23:33:17 API:/book/chapter/content Be Called
2023/12/05 23:33:21 API:/book/chapter/all Be Called
2023/12/05 23:33:26 API:/book/chapter/content Be Called
2023/12/05 23:33:39 API:/book/chapter/all Be Called
2023/12/05 23:33:42 API:/book/get/books Be Called
2023/12/05 23:34:45 API:/book/search Be Called
2023/12/05 23:34:45 API:/book/search Be Called
2023/12/05 23:34:51 API:/book/chapter/all Be Called
2023/12/05 23:34:59 API:/book/chapter/content Be Called
2023/12/05 23:35:42 API:/book/chapter/all Be Called
2023/12/05 23:35:54 API:/book/chapter/all Be Called
2023/12/05 23:37:02 API:/book/chapter/all Be Called
2023/12/05 23:38:32 API:/book/chapter/all Be Called
2023/12/05 23:39:49 API:/book/get/books Be Called
2023/12/05 23:39:49 API:/book/get/books Be Called
2023/12/05 23:39:52 API:/book/chapter/all Be Called
2023/12/05 23:40:37 API:/book/chapter/all Be Called
2023/12/05 23:41:21 API:/book/get/books Be Called
2023/12/05 23:41:26 API:/book/chapter/all Be Called
2023/12/05 23:41:33 API:/book/chapter/all Be Called
2023/12/05 23:41:40 API:/book/get/books Be Called
2023/12/05 23:41:41 API:/book/chapter/all Be Called
2023/12/05 23:41:46 API:/book/chapter/all Be Called
2023/12/05 23:41:52 API:/book/chapter/all Be Called
2023/12/05 23:42:03 API:/book/chapter/content Be Called
2023/12/05 23:42:09 API:/book/chapter/content Be Called
2023/12/05 23:42:27 API:/book/chapter/all Be Called
2023/12/05 23:42:44 API:/book/get/books Be Called
2023/12/05 23:42:45 API:/book/get/books Be Called
2023/12/05 23:42:45 API:/book/get/books Be Called
2023/12/05 23:42:45 API:/book/get/books Be Called
2023/12/05 23:42:47 API:/book/get/books Be Called
2023/12/05 23:42:49 API:/book/get/books Be Called
2023/12/05 23:42:49 API:/book/get/books Be Called
2023/12/05 23:42:50 API:/book/get/books Be Called
2023/12/05 23:42:50 API:/book/get/books Be Called
2023/12/05 23:42:51 API:/book/chapter/all Be Called
2023/12/05 23:43:01 API:/book/get/books Be Called
2023/12/05 23:43:01 API:/book/chapter/all Be Called
2023/12/05 23:43:05 API:/book/get/books Be Called
2023/12/05 23:43:06 API:/book/chapter/all Be Called
2023/12/05 23:43:14 API:/book/get/books Be Called
2023/12/05 23:43:17 API:/book/chapter/all Be Called
2023/12/05 23:43:22 API:/book/get/books Be Called
2023/12/05 23:43:24 API:/book/chapter/all Be Called
2023/12/05 23:43:30 API:/book/chapter/all Be Called
2023/12/05 23:43:34 API:/book/get/books Be Called
2023/12/05 23:43:37 API:/book/chapter/all Be Called
2023/12/05 23:43:43 API:/book/get/books Be Called
2023/12/05 23:43:44 API:/book/chapter/all Be Called
2023/12/05 23:43:54 API:/book/chapter/all Be Called
2023/12/05 23:47:20 API:/book/get/books Be Called
2023/12/05 23:47:20 API:/book/get/books Be Called
2023/12/05 23:48:12 API:/book/chapter/all Be Called
2023/12/05 23:49:14 API:/book/get/books Be Called
2023/12/05 23:49:14 API:/book/get/books Be Called
2023/12/05 23:49:20 API:/book/chapter/all Be Called
2023/12/05 23:53:07 API:/book/get/books Be Called
2023/12/05 23:53:07 API:/book/get/books Be Called
2023/12/05 23:54:02 API:/book/get/books Be Called
2023/12/05 23:54:02 API:/book/get/books Be Called
2023/12/06 00:03:17 API:/book/get/books Be Called
2023/12/06 00:03:17 API:/book/get/books Be Called
2023/12/06 00:03:53 API:/book/get/books Be Called
2023/12/06 00:03:53 API:/book/get/books Be Called
2023/12/06 00:05:39 API:/book/get/books Be Called
2023/12/06 00:05:39 API:/book/get/books Be Called
2023/12/06 00:11:43 API:/book/get/books Be Called
2023/12/06 00:11:43 API:/book/get/books Be Called
2023/12/06 00:12:40 API:/book/get/books Be Called
2023/12/06 00:12:40 API:/book/get/books Be Called
2023/12/06 00:13:08 API:/book/get/books Be Called
2023/12/06 00:13:08 API:/book/get/books Be Called
2023/12/06 00:13:28 API:/book/get/books Be Called
2023/12/06 00:13:28 API:/book/get/books Be Called
2023/12/06 00:15:04 API:/book/get/books Be Called
2023/12/06 00:15:04 API:/book/get/books Be Called
2023/12/06 00:15:07 API:/book/get/books Be Called
2023/12/06 00:15:56 API:/book/get/books Be Called
2023/12/06 00:15:56 API:/book/get/books Be Called
2023/12/06 00:16:55 API:/book/get/books Be Called
2023/12/06 00:16:55 API:/book/get/books Be Called
2023/12/06 00:17:07 API:/book/get/books Be Called
2023/12/06 00:17:07 API:/book/get/books Be Called
2023/12/06 00:18:45 API:/book/get/books Be Called
2023/12/06 00:18:45 API:/book/get/books Be Called
2023/12/06 00:19:02 API:/book/get/books Be Called
2023/12/06 00:19:23 API:/book/get/books Be Called
2023/12/06 00:19:24 API:/book/get/books Be Called
2023/12/06 00:19:27 API:/book/get/books Be Called
2023/12/06 00:20:08 API:/book/get/books Be Called
2023/12/06 00:20:08 API:/book/get/books Be Called
2023/12/06 00:20:21 API:/book/get/books Be Called
2023/12/06 00:20:44 API:/book/get/books Be Called
2023/12/06 00:20:44 API:/book/get/books Be Called
2023/12/06 00:20:47 API:/book/get/books Be Called
2023/12/06 00:21:56 API:/book/get/books Be Called
2023/12/06 00:21:56 API:/book/get/books Be Called
2023/12/06 00:22:21 API:/book/get/books Be Called
2023/12/06 00:22:21 API:/book/get/books Be Called
2023/12/06 00:22:23 API:/book/get/books Be Called
2023/12/06 00:22:49 API:/book/get/books Be Called
2023/12/06 00:22:49 API:/book/get/books Be Called
2023/12/06 00:22:58 API:/book/get/books Be Called
2023/12/06 00:25:55 API:/book/get/books Be Called
2023/12/06 00:25:55 API:/book/get/books Be Called
2023/12/06 00:25:59 API:/book/get/books Be Called
2023/12/06 00:28:54 API:/book/get/books Be Called
2023/12/06 00:28:55 API:/book/get/books Be Called
2023/12/06 00:29:14 API:/book/get/books Be Called
2023/12/06 00:29:14 API:/book/get/books Be Called
2023/12/06 00:29:21 API:/book/get/books Be Called
2023/12/06 00:30:48 API:/book/get/books Be Called
2023/12/06 00:31:41 API:/book/get/books Be Called
2023/12/06 00:31:41 API:/book/get/books Be Called
2023/12/06 00:31:47 API:/book/get/books Be Called
2023/12/06 00:32:17 API:/book/get/books Be Called
2023/12/06 00:32:17 API:/book/get/books Be Called
2023/12/06 00:32:21 API:/book/get/books Be Called
2023/12/06 00:32:21 API:/book/get/books Be Called
2023/12/06 00:32:58 API:/book/get/books Be Called
2023/12/06 00:32:58 API:/book/get/books Be Called
2023/12/06 00:33:57 API:/book/get/books Be Called
2023/12/06 00:33:57 API:/book/get/books Be Called
2023/12/06 00:34:06 API:/book/get/books Be Called
2023/12/06 00:36:12 API:/book/get/books Be Called
2023/12/06 00:36:12 API:/book/get/books Be Called
2023/12/06 00:37:39 API:/book/get/books Be Called
2023/12/06 00:37:39 API:/book/get/books Be Called
2023/12/06 00:37:58 API:/book/get/books Be Called
2023/12/06 00:38:50 API:/book/get/books Be Called
2023/12/06 00:38:50 API:/book/get/books Be Called
2023/12/06 00:39:17 API:/book/get/books Be Called
2023/12/06 00:40:04 API:/book/get/books Be Called
2023/12/06 00:40:04 API:/book/get/books Be Called
2023/12/06 00:40:17 API:/book/get/books Be Called
2023/12/06 08:33:35 API:/book/get/books Be Called
2023/12/06 08:33:35 API:/book/get/books Be Called
2023/12/06 08:33:44 API:/book/get/books Be Called
2023/12/06 08:33:52 API:/book/chapter/all Be Called
2023/12/06 08:33:57 API:/book/chapter/content Be Called
2023/12/06 08:34:03 API:/book/chapter/content Be Called
2023/12/06 08:34:35 API:/book/chapter/content Be Called
2023/12/06 08:34:48 API:/book/chapter/all Be Called
2023/12/06 08:35:12 API:/book/chapter/all Be Called
2023/12/06 08:37:33 API:/book/get/books Be Called
2023/12/06 08:37:33 API:/book/get/books Be Called
2023/12/06 08:38:21 API:/book/get/books Be Called
2023/12/06 08:38:21 API:/book/get/books Be Called
2023/12/06 08:38:32 API:/book/get/books Be Called
2023/12/06 08:38:32 API:/book/get/books Be Called
2023/12/06 08:38:48 API:/book/get/books Be Called
2023/12/06 08:38:50 API:/book/get/books Be Called
2023/12/06 08:39:38 API:/book/get/books Be Called
2023/12/06 08:39:38 API:/book/get/books Be Called
2023/12/06 08:42:52 API:/book/get/books Be Called
2023/12/06 08:42:52 API:/book/get/books Be Called
2023/12/06 08:42:59 API:/book/get/books Be Called
2023/12/06 08:43:00 API:/book/get/books Be Called
2023/12/06 08:43:00 API:/book/get/books Be Called
2023/12/06 08:43:01 API:/book/get/books Be Called
2023/12/06 08:44:40 API:/book/get/books Be Called
2023/12/06 08:44:40 API:/book/get/books Be Called
2023/12/06 08:45:37 API:/book/get/books Be Called
2023/12/06 08:45:37 API:/book/get/books Be Called
2023/12/06 08:45:42 API:/book/get/books Be Called
2023/12/06 08:48:14 API:/book/get/books Be Called
2023/12/06 08:48:14 API:/book/get/books Be Called
2023/12/06 08:48:18 API:/book/get/books Be Called
2023/12/06 08:48:19 API:/book/get/books Be Called
2023/12/06 08:48:20 API:/book/get/books Be Called
2023/12/06 08:48:21 API:/book/get/books Be Called
2023/12/06 08:48:22 API:/book/get/books Be Called
2023/12/06 08:50:06 API:/book/get/books Be Called
2023/12/06 08:50:06 API:/book/get/books Be Called
2023/12/06 08:50:14 API:/book/get/books Be Called
2023/12/06 08:50:15 API:/book/get/books Be Called
2023/12/06 08:50:16 API:/book/get/books Be Called
2023/12/06 08:50:17 API:/book/get/books Be Called
2023/12/06 08:50:17 API:/book/get/books Be Called
2023/12/06 08:52:38 API:/book/get/books Be Called
2023/12/06 08:52:38 API:/book/get/books Be Called
2023/12/06 08:52:43 API:/book/get/books Be Called
2023/12/06 08:52:47 API:/book/get/books Be Called
2023/12/06 08:52:47 API:/book/get/books Be Called
2023/12/06 08:53:45 API:/book/get/books Be Called
2023/12/06 08:53:45 API:/book/get/books Be Called
2023/12/06 08:53:49 API:/book/get/books Be Called
2023/12/06 08:54:48 API:/book/get/books Be Called
2023/12/06 08:54:48 API:/book/get/books Be Called
2023/12/06 08:55:26 API:/book/get/books Be Called
2023/12/06 08:55:26 API:/book/get/books Be Called
2023/12/06 08:55:34 API:/book/get/books Be Called
2023/12/06 08:55:36 API:/book/chapter/all Be Called
2023/12/06 08:55:40 API:/book/get/books Be Called
2023/12/06 08:55:42 API:/book/get/books Be Called
2023/12/06 08:55:44 API:/book/chapter/all Be Called
2023/12/06 08:55:54 API:/book/chapter/all Be Called
2023/12/06 09:00:33 API:/book/get/books Be Called
2023/12/06 09:00:33 API:/book/get/books Be Called
2023/12/06 09:01:58 API:/book/get/books Be Called
2023/12/06 09:01:58 API:/book/get/books Be Called
2023/12/06 09:04:02 API:/book/get/books Be Called
2023/12/06 09:04:02 API:/book/get/books Be Called
2023/12/06 09:04:30 API:/book/get/books Be Called
2023/12/06 09:04:33 API:/book/get/books Be Called
2023/12/06 09:06:45 API:/book/get/books Be Called
2023/12/06 09:06:45 API:/book/get/books Be Called
2023/12/06 09:07:51 API:/book/get/books Be Called
2023/12/06 09:07:51 API:/book/get/books Be Called
2023/12/06 09:08:36 API:/book/chapter/all Be Called
2023/12/06 09:08:41 API:/book/chapter/content Be Called
2023/12/06 09:08:47 API:/book/chapter/all Be Called
2023/12/06 09:09:27 API:/book/get/books Be Called
2023/12/06 09:09:27 API:/book/get/books Be Called
2023/12/06 09:10:45 API:/book/get/books Be Called
2023/12/06 09:10:45 API:/book/get/books Be Called
2023/12/06 09:11:04 API:/book/get/books Be Called
2023/12/06 09:11:04 API:/book/get/books Be Called
2023/12/06 09:11:11 API:/book/get/books Be Called
2023/12/06 09:11:27 API:/book/chapter/all Be Called
2023/12/06 09:11:30 API:/book/chapter/content Be Called
2023/12/06 09:11:39 API:/book/chapter/all Be Called
2023/12/06 09:13:42 API:/book/get/books Be Called
2023/12/06 09:13:42 API:/book/get/books Be Called
2023/12/06 09:14:33 API:/book/chapter/all Be Called
2023/12/06 09:14:36 API:/book/chapter/content Be Called
2023/12/06 09:14:44 API:/book/chapter/all Be Called
2023/12/06 09:16:57 API:/book/get/books Be Called
2023/12/06 09:16:57 API:/book/get/books Be Called
2023/12/06 09:17:05 API:/book/chapter/all Be Called
2023/12/06 09:17:10 API:/book/chapter/content Be Called
2023/12/06 09:17:16 API:/book/chapter/all Be Called
2023/12/06 09:17:29 API:/book/chapter/all Be Called
2023/12/06 09:17:32 API:/book/chapter/content Be Called
2023/12/06 09:17:39 API:/book/chapter/all Be Called
2023/12/06 09:18:04 API:/book/chapter/all Be Called
2023/12/06 09:18:06 API:/book/chapter/content Be Called
2023/12/06 09:18:12 API:/book/chapter/all Be Called
2023/12/06 09:19:26 API:/book/get/books Be Called
2023/12/06 09:19:47 API:/book/chapter/all Be Called
2023/12/06 09:19:53 API:/book/chapter/content Be Called
2023/12/06 09:20:07 API:/book/chapter/all Be Called
2023/12/06 09:20:23 API:/book/chapter/all Be Called
2023/12/06 09:20:29 API:/book/chapter/all Be Called
2023/12/06 09:20:38 API:/book/chapter/all Be Called
2023/12/06 09:20:42 API:/book/chapter/content Be Called
2023/12/06 09:20:49 API:/book/chapter/all Be Called
2023/12/06 09:21:07 API:/book/chapter/all Be Called
2023/12/06 09:21:33 API:/book/chapter/all Be Called
2023/12/06 09:21:35 API:/book/chapter/content Be Called
2023/12/06 09:21:39 API:/book/chapter/all Be Called
2023/12/06 09:22:08 API:/book/chapter/all Be Called
2023/12/06 09:22:18 API:/book/chapter/content Be Called
2023/12/06 09:22:30 API:/book/chapter/all Be Called
2023/12/06 09:24:38 API:/book/get/books Be Called
2023/12/06 09:24:38 API:/book/get/books Be Called
2023/12/06 09:24:47 API:/book/chapter/all Be Called
2023/12/06 09:24:52 API:/book/chapter/content Be Called
2023/12/06 09:24:56 API:/book/chapter/all Be Called
2023/12/06 09:25:07 API:/book/chapter/all Be Called
2023/12/06 09:25:09 API:/book/chapter/content Be Called
2023/12/06 09:25:12 API:/book/chapter/all Be Called
2023/12/06 09:29:05 API:/book/get/books Be Called
2023/12/06 09:29:05 API:/book/get/books Be Called
2023/12/06 09:29:11 API:/book/chapter/all Be Called
2023/12/06 09:29:15 API:/book/chapter/content Be Called
2023/12/06 09:29:19 API:/book/chapter/all Be Called
2023/12/06 09:32:58 API:/book/get/books Be Called
2023/12/06 09:32:58 API:/book/get/books Be Called
2023/12/06 09:33:05 API:/book/get/books Be Called
2023/12/06 09:34:05 API:/book/chapter/all Be Called
2023/12/06 09:34:11 API:/book/chapter/content Be Called
2023/12/06 09:34:15 API:/book/chapter/all Be Called
2023/12/06 09:35:09 API:/book/get/books Be Called
2023/12/06 09:35:09 API:/book/get/books Be Called
2023/12/06 09:35:54 API:/book/get/books Be Called
2023/12/06 09:35:54 API:/book/get/books Be Called
2023/12/06 09:36:58 API:/book/get/books Be Called
2023/12/06 09:36:58 API:/book/get/books Be Called
2023/12/06 09:37:54 API:/book/get/books Be Called
2023/12/06 09:37:54 API:/book/get/books Be Called
2023/12/06 09:39:27 API:/book/get/books Be Called
2023/12/06 09:39:27 API:/book/get/books Be Called
2023/12/06 09:41:10 API:/book/get/books Be Called
2023/12/06 09:41:10 API:/book/get/books Be Called
2023/12/06 09:41:58 API:/book/get/books Be Called
2023/12/06 09:41:58 API:/book/get/books Be Called
2023/12/06 09:42:52 API:/book/chapter/all Be Called
2023/12/06 09:42:58 API:/book/chapter/content Be Called
2023/12/06 09:43:01 API:/book/chapter/all Be Called
2023/12/06 09:43:12 API:/book/chapter/all Be Called
2023/12/06 09:43:15 API:/book/chapter/content Be Called
2023/12/06 09:43:16 API:/book/chapter/all Be Called
2023/12/06 09:45:09 API:/book/get/books Be Called
2023/12/06 09:45:10 API:/book/get/books Be Called
2023/12/06 09:45:19 API:/book/chapter/all Be Called
2023/12/06 09:45:25 API:/book/chapter/content Be Called
2023/12/06 09:45:25 API:/book/chapter/all Be Called
2023/12/06 09:45:29 API:/book/chapter/all Be Called
2023/12/06 09:45:31 API:/book/chapter/content Be Called
2023/12/06 09:45:33 API:/book/chapter/all Be Called
2023/12/06 09:45:44 API:/book/chapter/all Be Called
2023/12/06 09:45:46 API:/book/chapter/all Be Called
2023/12/06 09:45:56 API:/book/get/books Be Called
2023/12/06 09:45:57 API:/book/get/books Be Called
2023/12/06 09:46:01 API:/book/get/books Be Called
2023/12/06 09:46:05 API:/book/get/books Be Called
2023/12/06 09:46:06 API:/book/get/books Be Called
2023/12/06 09:46:18 API:/book/get/books Be Called
2023/12/06 09:46:47 API:/book/chapter/all Be Called
2023/12/06 09:52:00 API:/book/get/books Be Called
2023/12/06 09:52:00 API:/book/get/books Be Called
2023/12/06 09:52:05 API:/book/chapter/all Be Called
2023/12/06 09:55:53 API:/book/get/books Be Called
2023/12/06 09:55:53 API:/book/get/books Be Called
2023/12/06 09:55:55 API:/book/chapter/all Be Called
2023/12/06 09:56:14 API:/book/get/books Be Called
2023/12/06 09:56:15 API:/book/chapter/all Be Called
2023/12/06 09:56:25 API:/book/chapter/all Be Called
2023/12/06 10:31:37 API:/book/get/books Be Called
2023/12/06 10:31:37 API:/book/get/books Be Called
2023/12/06 10:31:41 API:/book/chapter/all Be Called
2023/12/06 10:32:58 API:/book/get/books Be Called
2023/12/06 10:32:58 API:/book/get/books Be Called
2023/12/06 10:33:01 API:/book/chapter/all Be Called
2023/12/06 10:33:20 API:/book/get/books Be Called
2023/12/06 10:33:20 API:/book/get/books Be Called
2023/12/06 10:33:22 API:/book/chapter/all Be Called
2023/12/06 10:34:33 API:/book/get/books Be Called
2023/12/06 10:34:33 API:/book/get/books Be Called
2023/12/06 10:34:45 API:/book/chapter/all Be Called
2023/12/06 10:39:03 API:/book/get/books Be Called
2023/12/06 10:39:03 API:/book/get/books Be Called
2023/12/06 10:39:04 API:/book/chapter/all Be Called
2023/12/06 10:40:36 API:/book/get/books Be Called
2023/12/06 10:40:36 API:/book/get/books Be Called
2023/12/06 10:40:38 API:/book/chapter/all Be Called
2023/12/06 10:41:42 API:/book/get/books Be Called
2023/12/06 10:41:42 API:/book/get/books Be Called
2023/12/06 10:41:44 API:/book/chapter/all Be Called
2023/12/06 10:42:20 API:/book/chapter/all Be Called
2023/12/06 10:49:58 API:/book/get/books Be Called
2023/12/06 10:49:58 API:/book/get/books Be Called
2023/12/06 10:50:00 API:/book/chapter/all Be Called
2023/12/06 10:52:13 API:/book/get/books Be Called
2023/12/06 10:52:13 API:/book/get/books Be Called
2023/12/06 10:52:50 API:/book/chapter/all Be Called
2023/12/06 10:53:41 API:/book/get/books Be Called
2023/12/06 10:53:42 API:/book/get/books Be Called
2023/12/06 10:53:51 API:/book/chapter/all Be Called
2023/12/06 10:55:21 API:/book/get/books Be Called
2023/12/06 10:55:21 API:/book/get/books Be Called
2023/12/06 10:55:22 API:/book/chapter/all Be Called
2023/12/06 11:03:09 API:/book/get/books Be Called
2023/12/06 11:03:09 API:/book/get/books Be Called
2023/12/06 11:03:13 API:/book/chapter/all Be Called
2023/12/06 11:03:18 API:/book/chapter/all Be Called
2023/12/06 11:05:01 API:/book/get/books Be Called
2023/12/06 11:05:01 API:/book/get/books Be Called
2023/12/06 11:05:30 API:/book/chapter/all Be Called
2023/12/06 11:06:13 API:/book/get/books Be Called
2023/12/06 11:06:13 API:/book/get/books Be Called
2023/12/06 11:06:16 API:/book/chapter/all Be Called
2023/12/06 11:07:07 API:/book/get/books Be Called
2023/12/06 11:07:07 API:/book/get/books Be Called
2023/12/06 11:07:14 API:/book/chapter/all Be Called
2023/12/06 11:07:49 API:/book/get/books Be Called
2023/12/06 11:07:49 API:/book/get/books Be Called
2023/12/06 11:07:50 API:/book/chapter/all Be Called
2023/12/06 11:07:56 API:/book/chapter/all Be Called
2023/12/06 11:10:47 API:/book/get/books Be Called
2023/12/06 11:10:47 API:/book/get/books Be Called
2023/12/06 11:10:49 API:/book/chapter/all Be Called
2023/12/06 11:11:21 API:/book/get/books Be Called
2023/12/06 11:11:21 API:/book/get/books Be Called
2023/12/06 11:11:23 API:/book/chapter/all Be Called
2023/12/06 11:12:01 API:/book/get/books Be Called
2023/12/06 11:12:01 API:/book/get/books Be Called
2023/12/06 11:12:03 API:/book/chapter/all Be Called
2023/12/06 11:12:34 API:/book/get/books Be Called
2023/12/06 11:12:35 API:/book/get/books Be Called
2023/12/06 11:12:36 API:/book/chapter/all Be Called
2023/12/06 11:13:51 API:/book/get/books Be Called
2023/12/06 11:13:51 API:/book/get/books Be Called
2023/12/06 11:13:52 API:/book/chapter/all Be Called
2023/12/06 11:18:23 API:/book/chapter/all Be Called
2023/12/06 11:20:58 API:/book/get/books Be Called
2023/12/06 11:20:58 API:/book/get/books Be Called
2023/12/06 11:21:00 API:/book/chapter/all Be Called
2023/12/06 11:23:40 API:/book/get/books Be Called
2023/12/06 11:23:40 API:/book/get/books Be Called
2023/12/06 11:23:41 API:/book/chapter/all Be Called
2023/12/06 11:24:58 API:/book/get/books Be Called
2023/12/06 11:24:58 API:/book/get/books Be Called
2023/12/06 11:25:05 API:/book/chapter/all Be Called
2023/12/06 11:26:17 API:/book/get/books Be Called
2023/12/06 11:26:17 API:/book/get/books Be Called
2023/12/06 11:26:21 API:/book/chapter/all Be Called
2023/12/06 11:27:15 API:/book/get/books Be Called
2023/12/06 11:27:15 API:/book/get/books Be Called
2023/12/06 11:27:22 API:/book/chapter/all Be Called
2023/12/06 11:27:38 API:/book/chapter/content Be Called
2023/12/06 11:27:49 API:/book/chapter/all Be Called
2023/12/06 11:33:39 API:/book/get/books Be Called
2023/12/06 11:33:39 API:/book/get/books Be Called
2023/12/06 11:34:17 API:/book/get/books Be Called
2023/12/06 11:34:17 API:/book/get/books Be Called
2023/12/06 11:35:02 API:/book/get/books Be Called
2023/12/06 11:35:02 API:/book/get/books Be Called
2023/12/06 11:35:57 API:/book/get/books Be Called
2023/12/06 11:35:57 API:/book/get/books Be Called
2023/12/06 11:35:59 API:/book/chapter/all Be Called
2023/12/06 11:37:13 API:/book/get/books Be Called
2023/12/06 11:37:13 API:/book/get/books Be Called
2023/12/06 11:37:39 API:/book/get/books Be Called
2023/12/06 11:37:39 API:/book/get/books Be Called
2023/12/06 11:38:10 API:/book/get/books Be Called
2023/12/06 11:38:10 API:/book/get/books Be Called
2023/12/06 11:38:17 API:/book/chapter/all Be Called
2023/12/06 11:38:21 API:/book/chapter/all Be Called
2023/12/06 11:41:45 API:/book/get/books Be Called
2023/12/06 11:41:45 API:/book/get/books Be Called
2023/12/06 11:41:49 API:/book/chapter/all Be Called
2023/12/06 11:41:53 API:/book/chapter/all Be Called
2023/12/06 11:42:22 API:/book/get/books Be Called
2023/12/06 11:42:22 API:/book/get/books Be Called
2023/12/06 12:31:43 API:/book/get/books Be Called
2023/12/06 12:31:44 API:/book/get/books Be Called
2023/12/06 12:32:23 API:/book/chapter/all Be Called
2023/12/06 12:32:28 API:/book/chapter/content Be Called
2023/12/06 12:32:35 API:/book/chapter/all Be Called
2023/12/06 12:32:47 API:/book/chapter/all Be Called
2023/12/06 12:34:48 API:/book/get/books Be Called
2023/12/06 12:35:00 API:/book/get/books Be Called
2023/12/06 12:35:08 API:/book/get/books Be Called
2023/12/06 12:35:20 API:/book/search Be Called
2023/12/06 12:35:25 API:/book/search Be Called
2023/12/06 12:35:35 API:/book/search Be Called
2023/12/06 12:35:37 API:/book/search Be Called
2023/12/06 12:35:50 API:/book/chapter/all Be Called
2023/12/06 12:36:04 API:/book/chapter/all Be Called
2023/12/06 12:36:07 API:/book/chapter/content Be Called
2023/12/06 12:36:11 API:/book/chapter/all Be Called
2023/12/06 12:36:19 API:/book/chapter/content Be Called
2023/12/06 12:36:24 API:/book/chapter/all Be Called
2023/12/06 12:39:51 API:/book/chapter/all Be Called
2023/12/06 12:39:54 API:/book/chapter/content Be Called
2023/12/06 12:39:58 API:/book/chapter/all Be Called
2023/12/06 12:40:03 API:/book/chapter/all Be Called
2023/12/06 12:41:55 API:/book/chapter/all Be Called
2023/12/06 12:46:32 API:/book/chapter/content Be Called
2023/12/06 12:53:24 API:/book/get/books Be Called
2023/12/06 12:53:24 API:/book/get/books Be Called
2023/12/06 12:53:25 API:/book/chapter/all Be Called
2023/12/06 12:53:33 API:/book/chapter/content Be Called
2023/12/06 12:55:04 API:/book/get/books Be Called
2023/12/06 12:55:04 API:/book/get/books Be Called
2023/12/06 12:55:06 API:/book/chapter/all Be Called
2023/12/06 12:55:13 API:/book/chapter/content Be Called
2023/12/06 12:56:32 API:/book/get/books Be Called
2023/12/06 12:56:32 API:/book/get/books Be Called
2023/12/06 12:56:34 API:/book/chapter/all Be Called
2023/12/06 12:56:37 API:/book/chapter/content Be Called
2023/12/06 12:57:07 API:/book/get/books Be Called
2023/12/06 12:57:08 API:/book/get/books Be Called
2023/12/06 12:57:08 API:/book/chapter/all Be Called
2023/12/06 12:57:10 API:/book/chapter/content Be Called
2023/12/06 13:03:47 API:/book/get/books Be Called
2023/12/06 13:03:47 API:/book/get/books Be Called
2023/12/06 13:03:48 API:/book/chapter/all Be Called
2023/12/06 13:03:54 API:/book/chapter/content Be Called
2023/12/06 13:04:34 API:/book/get/books Be Called
2023/12/06 13:04:34 API:/book/get/books Be Called
2023/12/06 13:04:36 API:/book/chapter/all Be Called
2023/12/06 13:04:38 API:/book/chapter/content Be Called
2023/12/06 13:05:26 API:/book/get/books Be Called
2023/12/06 13:05:27 API:/book/get/books Be Called
2023/12/06 13:05:28 API:/book/chapter/all Be Called
2023/12/06 13:05:29 API:/book/chapter/content Be Called
2023/12/06 13:06:00 API:/book/get/books Be Called
2023/12/06 13:06:00 API:/book/get/books Be Called
2023/12/06 13:06:01 API:/book/chapter/all Be Called
2023/12/06 13:06:03 API:/book/chapter/content Be Called
2023/12/06 13:07:21 API:/book/get/books Be Called
2023/12/06 13:07:21 API:/book/get/books Be Called
2023/12/06 13:07:22 API:/book/chapter/all Be Called
2023/12/06 13:07:25 API:/book/chapter/content Be Called
2023/12/06 13:08:11 API:/book/chapter/all Be Called
2023/12/06 13:08:16 API:/book/chapter/all Be Called
2023/12/06 13:08:21 API:/book/chapter/content Be Called
2023/12/06 13:08:31 API:/book/chapter/content Be Called
2023/12/06 13:08:46 API:/book/chapter/all Be Called
2023/12/06 13:08:48 API:/book/chapter/all Be Called
2023/12/06 13:08:51 API:/book/chapter/content Be Called
2023/12/06 15:29:46 API:/book/get/books Be Called
2023/12/06 15:29:46 API:/book/get/books Be Called
2023/12/06 15:29:52 API:/book/chapter/all Be Called
2023/12/06 15:30:03 API:/book/chapter/content Be Called
2023/12/06 15:35:35 API:/book/get/books Be Called
2023/12/06 15:35:35 API:/book/get/books Be Called
2023/12/06 15:35:46 API:/book/chapter/all Be Called
2023/12/06 15:35:48 API:/book/chapter/content Be Called
2023/12/06 15:36:25 API:/book/get/books Be Called
2023/12/06 15:36:25 API:/book/get/books Be Called
2023/12/06 15:36:28 API:/book/chapter/all Be Called
2023/12/06 15:36:32 API:/book/chapter/content Be Called
2023/12/06 15:37:28 API:/book/get/books Be Called
2023/12/06 15:37:29 API:/book/get/books Be Called
2023/12/06 15:37:35 API:/book/chapter/all Be Called
2023/12/06 15:37:39 API:/book/chapter/content Be Called
2023/12/06 15:41:06 API:/book/get/books Be Called
2023/12/06 15:41:06 API:/book/get/books Be Called
2023/12/06 15:41:08 API:/book/chapter/all Be Called
2023/12/06 15:41:14 API:/book/chapter/content Be Called
2023/12/06 15:42:40 API:/book/get/books Be Called
2023/12/06 15:42:40 API:/book/get/books Be Called
2023/12/06 15:42:41 API:/book/chapter/all Be Called
2023/12/06 15:42:44 API:/book/chapter/content Be Called
2023/12/06 15:44:16 API:/book/get/books Be Called
2023/12/06 15:44:16 API:/book/get/books Be Called
2023/12/06 15:44:30 API:/book/chapter/all Be Called
2023/12/06 15:44:35 API:/book/chapter/content Be Called
2023/12/06 15:45:05 API:/book/chapter/all Be Called
2023/12/06 15:48:11 API:/book/get/books Be Called
2023/12/06 15:48:11 API:/book/get/books Be Called
2023/12/06 15:48:32 API:/book/chapter/all Be Called
2023/12/06 15:56:08 API:/book/get/books Be Called
2023/12/06 15:56:09 API:/book/get/books Be Called
2023/12/06 15:56:14 API:/book/chapter/all Be Called
2023/12/06 15:57:43 API:/book/get/books Be Called
2023/12/06 15:57:44 API:/book/get/books Be Called
2023/12/06 15:57:46 API:/book/chapter/all Be Called
2023/12/06 15:59:30 API:/book/get/books Be Called
2023/12/06 15:59:30 API:/book/get/books Be Called
2023/12/06 15:59:37 API:/book/chapter/all Be Called
2023/12/06 16:00:22 API:/book/get/books Be Called
2023/12/06 16:00:22 API:/book/get/books Be Called
2023/12/06 16:00:24 API:/book/chapter/all Be Called
2023/12/06 16:01:03 API:/book/get/books Be Called
2023/12/06 16:01:04 API:/book/get/books Be Called
2023/12/06 16:01:07 API:/book/chapter/all Be Called
2023/12/06 16:01:58 API:/book/get/books Be Called
2023/12/06 16:01:58 API:/book/get/books Be Called
2023/12/06 16:02:00 API:/book/chapter/all Be Called
2023/12/06 16:02:39 API:/book/get/books Be Called
2023/12/06 16:02:39 API:/book/get/books Be Called
2023/12/06 16:02:40 API:/book/chapter/all Be Called
2023/12/06 16:02:58 API:/book/get/books Be Called
2023/12/06 16:02:58 API:/book/get/books Be Called
2023/12/06 16:02:59 API:/book/chapter/all Be Called
2023/12/06 16:03:30 API:/book/get/books Be Called
2023/12/06 16:03:30 API:/book/get/books Be Called
2023/12/06 16:03:33 API:/book/chapter/all Be Called
2023/12/06 16:03:35 API:/book/chapter/content Be Called
2023/12/06 16:03:37 API:/book/chapter/all Be Called
2023/12/06 16:03:59 API:/book/get/books Be Called
2023/12/06 16:04:00 API:/book/get/books Be Called
2023/12/06 16:04:01 API:/book/chapter/all Be Called
2023/12/06 16:05:12 API:/book/get/books Be Called
2023/12/06 16:05:13 API:/book/chapter/all Be Called
2023/12/06 16:06:44 API:/book/get/books Be Called
2023/12/06 16:06:44 API:/book/get/books Be Called
2023/12/06 16:09:16 API:/book/get/books Be Called
2023/12/06 16:22:24 API:/book/get/books Be Called
2023/12/06 16:22:24 API:/book/get/books Be Called
2023/12/06 16:23:19 API:/book/get/books Be Called
2023/12/06 16:23:19 API:/book/get/books Be Called
2023/12/06 16:28:51 API:/book/search Be Called
2023/12/06 16:28:54 API:/book/search Be Called
2023/12/06 16:28:57 API:/book/get/books Be Called
2023/12/06 16:28:57 API:/book/get/books Be Called
2023/12/06 16:29:03 API:/book/search Be Called
2023/12/06 16:29:04 API:/book/get/books Be Called
2023/12/06 16:35:05 API:/book/get/books Be Called
2023/12/06 16:35:10 API:/book/get/books Be Called
2023/12/06 16:38:44 API:/book/chapter/all Be Called
2023/12/06 16:42:22 API:/book/chapter/content Be Called
2023/12/06 16:44:52 API:/book/chapter/content Be Called
2023/12/06 16:45:23 API:/book/chapter/all Be Called
2023/12/06 16:45:33 API:/book/chapter/content Be Called
2023/12/06 16:48:48 API:/book/get/books Be Called
2023/12/06 16:48:49 API:/book/get/books Be Called
2023/12/06 16:51:05 API:/book/chapter/all Be Called
2023/12/06 16:51:09 API:/book/chapter/all Be Called
2023/12/06 16:51:14 API:/book/chapter/content Be Called
2023/12/06 16:53:38 API:/book/get/books Be Called
2023/12/06 16:53:38 API:/book/get/books Be Called
2023/12/06 16:53:40 API:/book/chapter/all Be Called
2023/12/06 16:53:44 API:/book/chapter/content Be Called
2023/12/06 16:54:59 API:/book/get/books Be Called
2023/12/06 16:54:59 API:/book/get/books Be Called
2023/12/06 16:55:01 API:/book/chapter/all Be Called
2023/12/06 16:55:03 API:/book/chapter/content Be Called
2023/12/06 16:56:35 API:/book/get/books Be Called
2023/12/06 16:56:35 API:/book/get/books Be Called
2023/12/06 16:56:54 API:/book/chapter/all Be Called
2023/12/06 16:56:56 API:/book/chapter/content Be Called
2023/12/06 16:57:45 API:/book/chapter/all Be Called
2023/12/06 16:58:34 API:/book/get/books Be Called
2023/12/06 16:58:34 API:/book/get/books Be Called
2023/12/06 16:58:37 API:/book/chapter/all Be Called
2023/12/06 16:58:41 API:/book/chapter/content Be Called
2023/12/06 16:59:20 API:/book/chapter/all Be Called
2023/12/06 16:59:51 API:/book/get/books Be Called
2023/12/06 16:59:51 API:/book/get/books Be Called
2023/12/06 17:00:13 API:/book/get/books Be Called
2023/12/06 17:00:13 API:/book/get/books Be Called
2023/12/06 17:00:52 API:/book/get/books Be Called
2023/12/06 17:00:52 API:/book/get/books Be Called
2023/12/06 17:01:49 API:/book/get/books Be Called
2023/12/06 17:02:01 API:/book/get/books Be Called
2023/12/06 17:02:20 API:/book/search Be Called
2023/12/06 17:02:24 API:/book/search Be Called
2023/12/06 17:02:27 API:/book/get/books Be Called
2023/12/06 17:02:34 API:/book/search Be Called
2023/12/06 17:02:37 API:/book/search Be Called
2023/12/06 17:02:43 API:/book/search Be Called
2023/12/06 17:02:44 API:/book/search Be Called
2023/12/06 17:02:46 API:/book/chapter/all Be Called
2023/12/06 17:03:27 API:/book/chapter/content Be Called
2023/12/06 17:04:01 API:/book/chapter/content Be Called
2023/12/06 17:04:08 API:/book/chapter/all Be Called
2023/12/06 17:04:16 API:/book/chapter/content Be Called
2023/12/06 17:05:05 API:/book/chapter/content Be Called
2023/12/06 17:05:41 API:/book/chapter/all Be Called
2023/12/06 17:05:48 API:/book/get/books Be Called
2023/12/06 17:05:48 API:/book/get/books Be Called
2023/12/06 17:05:58 API:/book/get/books Be Called
2023/12/06 17:05:59 API:/book/get/books Be Called
2023/12/06 17:07:28 API:/book/get/books Be Called
2023/12/06 17:07:45 API:/book/get/books Be Called
2023/12/06 17:07:52 API:/book/get/books Be Called
2023/12/06 17:08:16 API:/book/search Be Called
2023/12/06 17:08:20 API:/book/search Be Called
2023/12/06 17:08:26 API:/book/search Be Called
2023/12/06 17:08:30 API:/book/get/books Be Called
2023/12/06 17:08:39 API:/book/search Be Called
2023/12/06 17:08:41 API:/book/search Be Called
2023/12/06 17:08:44 API:/book/search Be Called
2023/12/06 17:08:45 API:/book/search Be Called
2023/12/06 17:08:52 API:/book/chapter/all Be Called
2023/12/06 17:09:24 API:/book/chapter/content Be Called
2023/12/06 17:09:49 API:/book/chapter/content Be Called
2023/12/06 17:10:31 API:/book/chapter/content Be Called
2023/12/06 17:10:53 API:/book/chapter/all Be Called
2023/12/06 17:10:55 API:/book/chapter/all Be Called
2023/12/06 17:10:58 API:/book/chapter/content Be Called
2023/12/06 17:11:03 API:/book/chapter/content Be Called
2023/12/06 17:11:09 API:/book/chapter/content Be Called
2023/12/06 17:11:13 API:/book/chapter/content Be Called
2023/12/06 17:11:31 API:/book/get/books Be Called
2023/12/06 17:11:31 API:/book/get/books Be Called
2023/12/06 17:11:38 API:/book/search Be Called
2023/12/06 17:11:40 API:/book/chapter/all Be Called
2023/12/06 17:11:44 API:/book/chapter/content Be Called
2023/12/06 17:11:49 API:/book/chapter/content Be Called
2023/12/06 17:11:53 API:/book/chapter/content Be Called
2023/12/06 17:12:04 API:/book/get/books Be Called
2023/12/06 17:12:04 API:/book/get/books Be Called
2023/12/06 17:13:50 API:/book/get/books Be Called
2023/12/06 17:13:53 API:/book/get/books Be Called
2023/12/06 17:14:03 API:/book/get/books Be Called
2023/12/06 17:14:21 API:/book/search Be Called
2023/12/06 17:14:23 API:/book/search Be Called
2023/12/06 17:14:28 API:/book/search Be Called
2023/12/06 17:14:33 API:/book/get/books Be Called
2023/12/06 17:14:46 API:/book/search Be Called
2023/12/06 17:14:50 API:/book/search Be Called
2023/12/06 17:14:52 API:/book/search Be Called
2023/12/06 17:14:53 API:/book/search Be Called
2023/12/06 17:14:59 API:/book/chapter/all Be Called
2023/12/06 17:15:44 API:/book/chapter/content Be Called
2023/12/06 17:16:03 API:/book/chapter/content Be Called
2023/12/06 17:16:08 API:/book/chapter/content Be Called
2023/12/06 17:16:15 API:/book/chapter/all Be Called
2023/12/06 17:16:20 API:/book/chapter/content Be Called
2023/12/06 17:16:54 API:/book/chapter/all Be Called
2023/12/06 17:17:10 API:/book/get/books Be Called
2023/12/06 17:17:13 API:/book/get/books Be Called
2023/12/06 17:17:22 API:/book/get/books Be Called
2023/12/06 17:17:29 API:/book/chapter/all Be Called
2023/12/06 17:18:20 API:/book/chapter/all Be Called
